<?xml version="1.0" encoding="UTF-8"?>
<testsuite name="ohtu.matkakortti.KassapaateTest" tests="4" skipped="0" failures="0" errors="0" timestamp="2020-04-05T15:05:50" hostname="jukka-ubuntu" time="2.015">
  <properties/>
  <testcase name="kortillleEiLadataJosRahaOnNegatiivinen" classname="ohtu.matkakortti.KassapaateTest" time="1.945"/>
  <testcase name="kortiltaVelotetaanHintaJosRahaaOn" classname="ohtu.matkakortti.KassapaateTest" time="0.044"/>
  <testcase name="kortillleLadataanJosRahaOnPositiivinen" classname="ohtu.matkakortti.KassapaateTest" time="0.006"/>
  <testcase name="kortiltaEiVelotetaJosRahaEiRiita" classname="ohtu.matkakortti.KassapaateTest" time="0.007"/>
  <system-out><![CDATA[]]></system-out>
  <system-err><![CDATA[]]></system-err>
</testsuite>
