<?xml version="1.0" encoding="UTF-8"?>
<testsuite name="ohtuesimerkki.StatisticsTest" tests="4" skipped="0" failures="0" errors="0" timestamp="2020-01-29T15:07:06" hostname="jukka-ubuntu" time="0.039">
  <properties/>
  <testcase name="listaaPelaajat" classname="ohtuesimerkki.StatisticsTest" time="0.021"/>
  <testcase name="konstruktoriLuoPelaajaListan" classname="ohtuesimerkki.StatisticsTest" time="0.001"/>
  <testcase name="listaaTopit" classname="ohtuesimerkki.StatisticsTest" time="0.003"/>
  <testcase name="etsiiOikeanPelaajalistan" classname="ohtuesimerkki.StatisticsTest" time="0.005"/>
  <system-out><![CDATA[]]></system-out>
  <system-err><![CDATA[]]></system-err>
</testsuite>
