<?xml version="1.0" encoding="UTF-8"?>
<testsuite name="ohtu.intjoukkosovellus.IntJoukkoKaksiparametrisellaKonstruktorillaTest" tests="9" skipped="0" failures="0" errors="0" timestamp="2020-04-07T01:06:17" hostname="jukka-ubuntu" time="0.035">
  <properties/>
  <testcase name="samaLukuMeneeJoukkoonVaanKerran" classname="ohtu.intjoukkosovellus.IntJoukkoKaksiparametrisellaKonstruktorillaTest" time="0.0"/>
  <testcase name="poistettuEiOleEnaaJoukossa" classname="ohtu.intjoukkosovellus.IntJoukkoKaksiparametrisellaKonstruktorillaTest" time="0.001"/>
  <testcase name="toStringToimii" classname="ohtu.intjoukkosovellus.IntJoukkoKaksiparametrisellaKonstruktorillaTest" time="0.0"/>
  <testcase name="toStringToimiiTyhjallaJoukolla" classname="ohtu.intjoukkosovellus.IntJoukkoKaksiparametrisellaKonstruktorillaTest" time="0.0"/>
  <testcase name="palautetaanOikeaTaulukko" classname="ohtu.intjoukkosovellus.IntJoukkoKaksiparametrisellaKonstruktorillaTest" time="0.001"/>
  <testcase name="lukujaLisattyMaara" classname="ohtu.intjoukkosovellus.IntJoukkoKaksiparametrisellaKonstruktorillaTest" time="0.0"/>
  <testcase name="toStringToimiiYhdenKokoiselleJoukolla" classname="ohtu.intjoukkosovellus.IntJoukkoKaksiparametrisellaKonstruktorillaTest" time="0.014"/>
  <testcase name="vainLisatytLuvutLoytyvat" classname="ohtu.intjoukkosovellus.IntJoukkoKaksiparametrisellaKonstruktorillaTest" time="0.0"/>
  <testcase name="toimiiKasvatuksenJalkeen" classname="ohtu.intjoukkosovellus.IntJoukkoKaksiparametrisellaKonstruktorillaTest" time="0.0"/>
  <system-out><![CDATA[]]></system-out>
  <system-err><![CDATA[]]></system-err>
</testsuite>
